<?xml version="1.0" encoding="UTF-8"?>
<testng-results ignored="0" total="1" passed="1" failed="0" skipped="0">
  <reporter-output>
  </reporter-output>
  <suite started-at="2025-08-22T16:18:48 IST" name="Default suite" finished-at="2025-08-22T16:18:50 IST" duration-ms="2322">
    <groups>
    </groups>
    <test started-at="2025-08-22T16:18:48 IST" name="Default test" finished-at="2025-08-22T16:18:50 IST" duration-ms="2322">
      <class name="testScript.LoginTest">
        <test-method is-config="true" signature="initializeBrowser()[pri:0, instance:testScript.LoginTest@459e9125]" started-at="2025-08-22T16:18:48 IST" name="initializeBrowser" finished-at="2025-08-22T16:18:50 IST" duration-ms="1830" status="PASS">
          <reporter-output>
          </reporter-output>
        </test-method> <!-- initializeBrowser -->
        <test-method signature="verifyUserLoginWithValidCredential()[pri:0, instance:testScript.LoginTest@459e9125]" started-at="2025-08-22T16:18:50 IST" name="verifyUserLoginWithValidCredential" finished-at="2025-08-22T16:18:50 IST" duration-ms="459" status="PASS">
          <reporter-output>
          </reporter-output>
        </test-method> <!-- verifyUserLoginWithValidCredential -->
        <test-method is-config="true" signature="closeAndQuit()[pri:0, instance:testScript.LoginTest@459e9125]" started-at="2025-08-22T16:18:50 IST" name="closeAndQuit" finished-at="2025-08-22T16:18:50 IST" duration-ms="1" status="PASS">
          <reporter-output>
          </reporter-output>
        </test-method> <!-- closeAndQuit -->
      </class> <!-- testScript.LoginTest -->
    </test> <!-- Default test -->
  </suite> <!-- Default suite -->
</testng-results>
