<?xml version="1.0" encoding="UTF-8"?>
<testng-results ignored="0" total="1" passed="1" failed="0" skipped="0">
  <reporter-output>
  </reporter-output>
  <suite started-at="2025-08-20T14:53:28 IST" name="Default suite" finished-at="2025-08-20T14:53:28 IST" duration-ms="56">
    <groups>
    </groups>
    <test started-at="2025-08-20T14:53:28 IST" name="Default test" finished-at="2025-08-20T14:53:28 IST" duration-ms="56">
      <class name="seleniumBasics.TestNGAnnotations">
        <test-method is-config="true" signature="beforeMethod()[pri:0, instance:seleniumBasics.TestNGAnnotations@747ddf94]" started-at="2025-08-20T14:53:28 IST" name="beforeMethod" finished-at="2025-08-20T14:53:28 IST" duration-ms="9" status="PASS">
          <reporter-output>
          </reporter-output>
        </test-method> <!-- beforeMethod -->
        <test-method signature="testCase()[pri:0, instance:seleniumBasics.TestNGAnnotations@747ddf94]" started-at="2025-08-20T14:53:28 IST" name="testCase" finished-at="2025-08-20T14:53:28 IST" duration-ms="7" status="PASS">
          <reporter-output>
          </reporter-output>
        </test-method> <!-- testCase -->
        <test-method is-config="true" signature="afterMethod()[pri:0, instance:seleniumBasics.TestNGAnnotations@747ddf94]" started-at="2025-08-20T14:53:28 IST" name="afterMethod" finished-at="2025-08-20T14:53:28 IST" duration-ms="1" status="PASS">
          <reporter-output>
          </reporter-output>
        </test-method> <!-- afterMethod -->
      </class> <!-- seleniumBasics.TestNGAnnotations -->
    </test> <!-- Default test -->
  </suite> <!-- Default suite -->
</testng-results>
